<?xml version="1.0" encoding="UTF-8"?>
<testng-results ignored="0" total="0" passed="0" failed="0" skipped="0">
  <reporter-output>
  </reporter-output>
  <suite started-at="2022-08-25T12:10:11Z" name="TriangleTest" finished-at="2022-08-25T12:10:11Z" duration-ms="15">
    <groups>
    </groups>
    <test started-at="2022-08-25T12:10:11Z" name="Command line test" finished-at="2022-08-25T12:10:11Z" duration-ms="15">
    </test> <!-- Command line test -->
  </suite> <!-- TriangleTest -->
</testng-results>
